<?xml version="1.0" encoding="UTF-8"?>
<!-- Generated by org.testng.reporters.JUnitReportReporter -->
<testsuite hostname="LAPTOP-P2QE43U4" failures="0" tests="9" name="TestRunner.MyTestRunner" time="98.664" errors="0" timestamp="2024-08-03T10:58:24 CDT" skipped="0">
  <testcase classname="TestRunner.MyTestRunner" name="runScenario" time="10.362"/>
  <testcase classname="TestRunner.MyTestRunner" name="runScenario" time="12.391"/>
  <testcase classname="TestRunner.MyTestRunner" name="runScenario" time="5.752"/>
  <testcase classname="TestRunner.MyTestRunner" name="runScenario" time="7.481"/>
  <testcase classname="TestRunner.MyTestRunner" name="runScenario" time="20.189"/>
  <testcase classname="TestRunner.MyTestRunner" name="runScenario" time="6.271"/>
  <testcase classname="TestRunner.MyTestRunner" name="runScenario" time="7.969"/>
  <testcase classname="TestRunner.MyTestRunner" name="runScenario" time="17.879"/>
  <testcase classname="TestRunner.MyTestRunner" name="runScenario" time="10.370"/>
</testsuite> <!-- TestRunner.MyTestRunner -->
