<?xml version="1.0" encoding="UTF-8"?>
<!-- Generated by org.testng.reporters.JUnitReportReporter -->
<testsuite hostname="LAPTOP-P2QE43U4" failures="0" tests="9" name="TestRunner.MyTestRunner" time="60.517" errors="0" timestamp="2024-08-05T00:17:29 CDT" skipped="0">
  <testcase classname="TestRunner.MyTestRunner" name="runScenario" time="7.469"/>
  <testcase classname="TestRunner.MyTestRunner" name="runScenario" time="5.900"/>
  <testcase classname="TestRunner.MyTestRunner" name="runScenario" time="5.910"/>
  <testcase classname="TestRunner.MyTestRunner" name="runScenario" time="6.244"/>
  <testcase classname="TestRunner.MyTestRunner" name="runScenario" time="5.717"/>
  <testcase classname="TestRunner.MyTestRunner" name="runScenario" time="5.854"/>
  <testcase classname="TestRunner.MyTestRunner" name="runScenario" time="5.825"/>
  <testcase classname="TestRunner.MyTestRunner" name="runScenario" time="8.771"/>
  <testcase classname="TestRunner.MyTestRunner" name="runScenario" time="8.827"/>
</testsuite> <!-- TestRunner.MyTestRunner -->
