<?xml version="1.0" encoding="UTF-8"?>
<!-- Generated by org.testng.reporters.JUnitReportReporter -->
<testsuite hostname="LAPTOP-P2QE43U4" failures="0" tests="2" name="TestRunner.MyTestRunner" time="20.844" errors="0" timestamp="2024-08-03T09:02:51 CDT" skipped="0">
  <testcase classname="TestRunner.MyTestRunner" name="runScenario" time="8.985"/>
  <testcase classname="TestRunner.MyTestRunner" name="runScenario" time="11.859"/>
</testsuite> <!-- TestRunner.MyTestRunner -->
